2026-03-22 14:20:30:2030 [31merror[39m: [31m500 - [39m
[31mInvalid `prisma.user.findUnique()` invocation in[39m
[31mD:\xampp\htdocs\my-project\english-master\backend\src\modules\auth\auth.service.ts:26:44[39m

[31m  23 static async register(userData: any) {[39m
[31m  24   const { email, password, name } = userData;[39m
[31m  25 [39m
[31m→ 26   const existingUser = await prisma.user.findUnique([39m
[31mAuthentication failed against database server, the provided database credentials for `user` are not valid.[39m

[31mPlease make sure to provide valid database credentials for the database server at the configured address. - /api/v1/auth/register - POST - ::1[39m
2026-03-22 14:20:46:2046 [31merror[39m: [31m500 - [39m
[31mInvalid `prisma.user.findUnique()` invocation in[39m
[31mD:\xampp\htdocs\my-project\english-master\backend\src\modules\auth\auth.service.ts:26:44[39m

[31m  23 static async register(userData: any) {[39m
[31m  24   const { email, password, name } = userData;[39m
[31m  25 [39m
[31m→ 26   const existingUser = await prisma.user.findUnique([39m
[31mAuthentication failed against database server, the provided database credentials for `user` are not valid.[39m

[31mPlease make sure to provide valid database credentials for the database server at the configured address. - /api/v1/auth/register - POST - ::1[39m
2026-03-22 14:21:58:2158 [31merror[39m: [31m500 - Invalid login: 535-5.7.8 Username and Password not accepted. For more information, go to[39m
[31m535 5.7.8  https://support.google.com/mail/?p=BadCredentials d9443c01a7336-2b08366c56bsm98142115ad.57 - gsmtp - /api/v1/auth/register - POST - ::1[39m
2026-03-22 14:32:59:3259 [31merror[39m: [31m401 - Invalid email or password - /api/v1/auth/login - POST - ::1[39m
2026-03-22 14:58:05:585 [31merror[39m: [31m401 - Unauthorized - /api/v1/courses/course-beginner/progress - GET - ::1[39m
2026-03-22 14:58:05:585 [31merror[39m: [31m401 - Unauthorized - /api/v1/courses/course-beginner/progress - GET - ::1[39m
2026-03-22 14:58:11:5811 [31merror[39m: [31m401 - Unauthorized - /api/v1/courses/course-beginner/enroll - POST - ::1[39m
2026-03-22 14:58:18:5818 [31merror[39m: [31m401 - Unauthorized - /api/v1/courses/course-beginner/enroll - POST - ::1[39m
2026-03-22 15:03:52:352 [31merror[39m: [31m401 - Unauthorized - /api/v1/courses/course-beginner/progress - GET - ::1[39m
2026-03-22 15:03:52:352 [31merror[39m: [31m401 - Unauthorized - /api/v1/courses/course-beginner/progress - GET - ::1[39m
2026-03-22 15:03:53:353 [31merror[39m: [31m401 - Unauthorized - /api/v1/courses/course-beginner/enroll - POST - ::1[39m
2026-03-22 15:04:41:441 [31merror[39m: [31m401 - Unauthorized - /api/v1/courses/course-beginner/progress - GET - ::1[39m
2026-03-22 15:04:41:441 [31merror[39m: [31m401 - Unauthorized - /api/v1/courses/course-beginner/progress - GET - ::1[39m
2026-03-22 15:04:47:447 [31merror[39m: [31m401 - Unauthorized - /api/v1/courses/course-beginner/enroll - POST - ::1[39m
2026-03-22 15:38:26:3826 [31merror[39m: [31m401 - Invalid email or password - /api/v1/auth/login - POST - ::1[39m
2026-03-22 15:38:33:3833 [31merror[39m: [31m401 - Invalid email or password - /api/v1/auth/login - POST - ::1[39m
2026-03-23 09:46:57:4657 [31merror[39m: [31m401 - Invalid email or password - /api/v1/auth/login - POST - ::1[39m
2026-03-23 09:47:18:4718 [31merror[39m: [31m401 - Invalid email or password - /api/v1/auth/login - POST - ::1[39m
2026-03-23 09:54:03:543 [31merror[39m: [31m401 - Invalid email or password - /api/v1/auth/login - POST - ::1[39m
2026-03-23 10:01:39:139 [31merror[39m: [31m401 - Invalid email or password - /api/v1/auth/login - POST - ::1[39m
2026-03-23 10:03:11:311 [31merror[39m: [31m401 - Email hoặc mật khẩu không chính xác - /api/v1/auth/login - POST - ::1[39m
2026-03-23 10:03:16:316 [31merror[39m: [31m401 - Email hoặc mật khẩu không chính xác - /api/v1/auth/login - POST - ::1[39m
2026-03-23 10:09:25:925 [31merror[39m: [31m401 - Email hoặc mật khẩu không chính xác - /api/v1/auth/login - POST - ::1[39m
2026-03-23 10:10:10:1010 [31merror[39m: [31m403 - Not enrolled in this course - /api/v1/courses/course-beginner/progress - GET - ::1[39m
2026-03-23 10:10:10:1010 [31merror[39m: [31m403 - Not enrolled in this course - /api/v1/courses/course-beginner/progress - GET - ::1[39m
2026-03-23 10:12:15:1215 [31merror[39m: [31m401 - Email hoặc mật khẩu không chính xác - /api/v1/auth/login - POST - ::1[39m
2026-03-23 10:19:14:1914 [31merror[39m: [31m401 - Unauthorized - /api/v1/placement-test/questions - GET - ::1[39m
2026-03-23 10:19:14:1914 [31merror[39m: [31m401 - Unauthorized - /api/v1/placement-test/questions - GET - ::1[39m
2026-03-23 12:04:50:450 [31merror[39m: [31m500 - [39m
[31mInvalid `prisma.user.findUnique()` invocation in[39m
[31mE:\Web hocEnglish\nebula-english\backend\src\modules\auth\auth.service.ts:25:44[39m

[31m  22 static async register(userData: any) {[39m
[31m  23   const { email, password, name } = userData;[39m
[31m  24 [39m
[31m→ 25   const existingUser = await prisma.user.findUnique([39m
[31merror: Environment variable not found: DATABASE_URL.[39m
[31m  -->  schema.prisma:7[39m
[31m   | [39m
[31m 6 |   provider = "postgresql"[39m
[31m 7 |   url      = env("DATABASE_URL")[39m
[31m   | [39m

[31mValidation Error Count: 1 - /api/v1/auth/register - POST - ::1[39m
2026-03-23 12:16:17:1617 [31merror[39m: [31m500 - [39m
[31mInvalid `prisma.user.findUnique()` invocation in[39m
[31mE:\Web hocEnglish\nebula-english\backend\src\modules\auth\auth.service.ts:25:44[39m

[31m  22 static async register(userData: any) {[39m
[31m  23   const { email, password, name } = userData;[39m
[31m  24 [39m
[31m→ 25   const existingUser = await prisma.user.findUnique([39m
[31merror: Environment variable not found: DATABASE_URL.[39m
[31m  -->  schema.prisma:7[39m
[31m   | [39m
[31m 6 |   provider = "postgresql"[39m
[31m 7 |   url      = env("DATABASE_URL")[39m
[31m   | [39m

[31mValidation Error Count: 1 - /api/v1/auth/register - POST - ::1[39m
2026-03-28 18:36:10:3610 [31merror[39m: [31m401 - Token không hợp lệ hoặc đã hết hạn - /api/v1/solver/history?page=1&limit=50 - GET - ::1[39m
2026-03-28 18:36:10:3610 [31merror[39m: [31m401 - Token không hợp lệ hoặc đã hết hạn - /api/v1/solver/history?page=1&limit=50 - GET - ::1[39m
2026-03-28 18:46:55:4655 [31merror[39m: [31m401 - Token không hợp lệ hoặc đã hết hạn - /api/v1/solver/history?page=1&limit=50 - GET - ::1[39m
2026-03-28 18:46:55:4655 [31merror[39m: [31m401 - Token không hợp lệ hoặc đã hết hạn - /api/v1/solver/history?page=1&limit=50 - GET - ::1[39m
2026-03-28 18:47:00:470 [31merror[39m: [31m401 - Bạn chưa đăng nhập - /api/v1/solver/history?page=1&limit=50 - GET - ::1[39m
2026-03-28 18:47:00:470 [31merror[39m: [31m401 - Bạn chưa đăng nhập - /api/v1/solver/history?page=1&limit=50 - GET - ::1[39m
2026-03-30 11:41:24:4124 [31merror[39m: [31m500 - [39m
[31mInvalid `prisma.user.create()` invocation in[39m
[31mD:\xampp\htdocs\my-project\nebula-english\backend\src\modules\auth\auth.service.ts:17:36[39m

[31m  14 if (existing) throw new AppError('Email này đã được sử dụng', 409);[39m
[31m  15 [39m
[31m  16 const passwordHash = await hashPassword(password);[39m
[31m→ 17 const user = await prisma.user.create({[39m
[31m       data: {[39m
[31m         email: "nebulalab.dev@gmail.com",[39m
[31m         passwordHash: "$2b$10$H72SnLsr1.zRfMFLFQy5Se1bnKGsvwm4UnjwBsip77Hym4KYh3m4C",[39m
[31m     +   fullName: String[39m
[31m       }[39m
[31m     })[39m

[31mArgument `fullName` is missing. - /api/v1/auth/register - POST - ::1[39m
